internal/modules/cjs/loader.js:818
  throw err;
  ^

Error: Cannot find module 'debug'
Require stack:
- /volume1/zso_app/node-app/node_modules/finalhandler/index.js
- /volume1/zso_app/node-app/node_modules/express/lib/application.js
- /volume1/zso_app/node-app/node_modules/express/lib/express.js
- /volume1/zso_app/node-app/node_modules/express/index.js
- /volume1/zso_app/node-app/app.js
    at Function.Module._resolveFilename (internal/modules/cjs/loader.js:815:15)
    at Function.Module._load (internal/modules/cjs/loader.js:667:27)
    at Module.require (internal/modules/cjs/loader.js:887:19)
    at require (internal/modules/cjs/helpers.js:74:18)
    at Object.<anonymous> (/volume1/zso_app/node-app/node_modules/finalhandler/index.js:14:13)
    at Module._compile (internal/modules/cjs/loader.js:999:30)
    at Object.Module._extensions..js (internal/modules/cjs/loader.js:1027:10)
    at Module.load (internal/modules/cjs/loader.js:863:32)
    at Function.Module._load (internal/modules/cjs/loader.js:708:14)
    at Module.require (internal/modules/cjs/loader.js:887:19) {
  code: 'MODULE_NOT_FOUND',
  requireStack: [
    '/volume1/zso_app/node-app/node_modules/finalhandler/index.js',
    '/volume1/zso_app/node-app/node_modules/express/lib/application.js',
    '/volume1/zso_app/node-app/node_modules/express/lib/express.js',
    '/volume1/zso_app/node-app/node_modules/express/index.js',
    '/volume1/zso_app/node-app/app.js'
  ]
}
internal/fs/utils.js:269
    throw err;
    ^

Error: EACCES: permission denied, open '/usr/syno/etc/certificate/_archive/RuHuro/privkey.pem'
    at Object.openSync (fs.js:462:3)
    at Object.readFileSync (fs.js:364:35)
    at Object.<anonymous> (/volume1/zso_app/node-app/app.js:153:24)
    at Module._compile (internal/modules/cjs/loader.js:999:30)
    at Object.Module._extensions..js (internal/modules/cjs/loader.js:1027:10)
    at Module.load (internal/modules/cjs/loader.js:863:32)
    at Function.Module._load (internal/modules/cjs/loader.js:708:14)
    at Function.executeUserEntryPoint [as runMain] (internal/modules/run_main.js:60:12)
    at internal/main/run_main_module.js:17:47 {
  errno: -13,
  syscall: 'open',
  code: 'EACCES',
  path: '/usr/syno/etc/certificate/_archive/RuHuro/privkey.pem'
}
